        -:    0:Source:src/validation.c
        -:    0:Graph:test_validation-validation.gcno
        -:    0:Data:test_validation-validation.gcda
        -:    0:Runs:1
        -:    1:#include <stdio.h>
        -:    2:#include <stdlib.h>
        -:    3:#include <string.h>
        -:    4:#include <stdbool.h>
        -:    5:#include <json-c/json.h>
        -:    6:#include "validation.h"
        -:    7:
        -:    8:// --- Centralized Error Code Registry ---
        -:    9:
        -:   10:
        -:   11:// --- Safe Format Utility ---
        -:   12:
       29:   13:bool emit_error(char *err_buf, size_t err_len, ErrorCode code, const char *arg) {
       29:   14:    if (!err_buf || err_len == 0) return false;
        -:   15:    
       27:   16:    switch (code) {
        6:   17:        case ERR_REQUIRED:
       6*:   18:            snprintf(err_buf, err_len, "Field '%s' is required.", arg ? arg : "");
        6:   19:            break;
        1:   20:        case ERR_NOT_INT:
       1*:   21:            snprintf(err_buf, err_len, "Field '%s' must be an integer.", arg ? arg : "");
        1:   22:            break;
        1:   23:        case ERR_NOT_DOUBLE:
       1*:   24:            snprintf(err_buf, err_len, "Field '%s' must be a numeric decimal (double).", arg ? arg : "");
        1:   25:            break;
        1:   26:        case ERR_NOT_STRING:
       1*:   27:            snprintf(err_buf, err_len, "Field '%s' must be a string.", arg ? arg : "");
        1:   28:            break;
        1:   29:        case ERR_NOT_DATE:
       1*:   30:            snprintf(err_buf, err_len, "Field '%s' must be a date string.", arg ? arg : "");
        1:   31:            break;
       10:   32:        case ERR_INVALID_DATE:
      10*:   33:            snprintf(err_buf, err_len, "Field '%s' contains an invalid date format or calendar lie.", arg ? arg : "");
       10:   34:            break;
        1:   35:        case ERR_UNKNOWN_TYPE:
        1:   36:            snprintf(err_buf, err_len, "Internal error: Unknown validation type configured.");
        1:   37:            break;
        1:   38:        case ERR_NEGATIVE_AMOUNT:
       1*:   39:            snprintf(err_buf, err_len, "Field error: Amount on '%s' cannot be negative.", arg ? arg : "");
        1:   40:            break;
        2:   41:        case ERR_START_AFTER_END:
        2:   42:            snprintf(err_buf, err_len, "Business rule violation: 'start_date' must be strictly before 'end_date'.");
        2:   43:            break;
        1:   44:        case ERR_INVALID_CUSTOMER_ID:
       1*:   45:            snprintf(err_buf, err_len, "Field error: Customer ID '%s' is invalid.", arg ? arg : "");
        1:   46:            break;
        2:   47:        default:
        2:   48:            snprintf(err_buf, err_len, "Unknown error code: %d", code);
        2:   49:            break;
        -:   50:    }
        -:   51:
       27:   52:    return false; 
        -:   53:}
        -:   54:
        -:   55:// --- Framework Types ---
        -:   56:
        -:   57:typedef bool (*TypeValidatorFunc)(const json_object *obj, const char *field_name, char *err_buf, size_t err_len);
        -:   58:
        -:   59:
        -:   60:
        -:   61:
        -:   62:// --- High-Performance Optimized Date Validator ---
        -:   63:
       40:   64:static bool validate_date_string_fast(const char *date_str) {
      40*:   65:    if (!date_str) return false;
        -:   66:
        -:   67:    // Explicitly guarantee we don't scan past 10 characters
      434:   68:    for (int i = 0; i < 10; i++) {
      395:   69:        if (date_str[i] == '\0') return false;
        -:   70:    }
       39:   71:    if (date_str[10] != '\0') return false; 
        -:   72:
        -:   73:    // Hard boundary mapping to ensure numbers are strictly within 0-9 range
      410:   74:    for (int i = 0; i < 10; i++) {
      374:   75:        if (i == 4 || i == 7) {
       75:   76:            if (date_str[i] != '-') return false;
        -:   77:        } else {
      299:   78:            if (date_str[i] < '0' || date_str[i] > '9') return false; // This catches 'xx' cleanly!
        -:   79:        }
        -:   80:    }
        -:   81:
        -:   82:    // Now this vector math is 100% mathematically bounded and safe from overflows
       36:   83:    int year  = (date_str[0] - '0') * 1000 + (date_str[1] - '0') * 100 + (date_str[2] - '0') * 10 + (date_str[3] - '0');
       36:   84:    int month = (date_str[5] - '0') * 10   + (date_str[6] - '0');
       36:   85:    int day   = (date_str[8] - '0') * 10   + (date_str[9] - '0');
        -:   86:
       36:   87:    if (month < 1 || month > 12 || day < 1 || year < 1900 || year > 2199) return false;
        -:   88:
        -:   89:    static const int days_in_month[] = { 0, 31, 28, 31, 30, 31, 30, 31, 31, 30, 31, 30, 31 };
       33:   90:    int max_days = days_in_month[month];
        -:   91:
       33:   92:    if (month == 2) {
        4:   93:        bool is_leap = (year % 4 == 0 && (year % 100 != 0 || year % 400 == 0));
        4:   94:        if (is_leap) max_days = 29;
        -:   95:    }
        -:   96:
       33:   97:    return day <= max_days;
        -:   98:}
        -:   99:
        -:  100:// --- Dynamic Type Validators ---
        -:  101:
        6:  102:static bool validate_type_int(const json_object *obj, const char *name, char *err, size_t len) {
        6:  103:    if (!json_object_is_type(obj, json_type_int)) {
        1:  104:        return emit_error(err, len, ERR_NOT_INT, name);
        -:  105:    }
        5:  106:    return true;
        -:  107:}
        -:  108:
       15:  109:static bool validate_type_double(const json_object *obj, const char *name, char *err, size_t len) {
       15:  110:    if (!json_object_is_type(obj, json_type_double) && !json_object_is_type(obj, json_type_int)) {
        1:  111:        return emit_error(err, len, ERR_NOT_DOUBLE, name);
        -:  112:    }
       14:  113:    return true;
        -:  114:}
        -:  115:
        7:  116:static bool validate_type_string(const json_object *obj, const char *name, char *err, size_t len) {
        7:  117:    if (!json_object_is_type(obj, json_type_string)) {
        1:  118:        return emit_error(err, len, ERR_NOT_STRING, name);
        -:  119:    }
        6:  120:    return true;
        -:  121:}
        -:  122:
       41:  123:static bool validate_type_date(const json_object *obj, const char *name, char *err, size_t len) {
       41:  124:    if (!json_object_is_type(obj, json_type_string)) {
        1:  125:        return emit_error(err, len, ERR_NOT_DATE, name);
        -:  126:    }
       40:  127:    if (!validate_date_string_fast(json_object_get_string((json_object *)obj))) {
       10:  128:        return emit_error(err, len, ERR_INVALID_DATE, name);
        -:  129:    }
       30:  130:    return true;
        -:  131:}
        -:  132:
        -:  133:static const TypeValidatorFunc TYPE_VALIDATOR_MAP[TYPE_MAX_TYPES] = {
        -:  134:    [TYPE_INT]    = validate_type_int,
        -:  135:    [TYPE_DOUBLE] = validate_type_double,
        -:  136:    [TYPE_STRING] = validate_type_string,
        -:  137:    [TYPE_DATE]   = validate_type_date
        -:  138:};
        -:  139:
        -:  140:
        -:  141:
        -:  142:// --- Engine Core Validation ---
        -:  143:
       30:  144:bool validate_json(const ValidationContext *ctx, const json_object *root, char *err_buf, size_t err_len) {
       30:  145:    if (!ctx || !root || !err_buf || err_len == 0) return false;
        -:  146:    
       29:  147:    if (!json_object_is_type(root, json_type_object)) {
        1:  148:        snprintf(err_buf, err_len, "Payload must be a JSON object.");
        1:  149:        return false;
        -:  150:    }
        -:  151:
       95:  152:    for (size_t i = 0; i < ctx->schema_count; i++) {
       89:  153:        const FieldValidator *field = &ctx->schema[i];
       89:  154:        json_object *field_obj = nullptr;
        -:  155:
       89:  156:        bool exists = json_object_object_get_ex(root, field->field_name, &field_obj);
        -:  157:
       89:  158:        if (!exists || !field_obj) {
       16:  159:            if (field->is_required) {
       22:  160:                return emit_error(err_buf, err_len, ERR_REQUIRED, field->field_name);
        -:  161:            }
       13:  162:            continue;
        -:  163:        }
        -:  164:
       73:  165:        if (field->is_required) {
       67:  166:            bool is_empty = false;
       67:  167:            if (json_object_is_type(field_obj, json_type_string)) {
       49:  168:                const char* str = json_object_get_string(field_obj);
       49:  169:                if (!str || str[0] == '\0') is_empty = true;
       18:  170:            } else if (json_object_is_type(field_obj, json_type_array)) {
        1:  171:                if (json_object_array_length(field_obj) == 0) is_empty = true;
       17:  172:            } else if (json_object_is_type(field_obj, json_type_object)) {
        1:  173:                if (json_object_object_length(field_obj) == 0) is_empty = true;
        -:  174:            }
        -:  175:            
       67:  176:            if (is_empty) {
        3:  177:                return emit_error(err_buf, err_len, ERR_REQUIRED, field->field_name);
        -:  178:            }
        -:  179:        }
        -:  180:
       70:  181:        if (field->type >= TYPE_MAX_TYPES || !TYPE_VALIDATOR_MAP[field->type]) {
        1:  182:            return emit_error(err_buf, err_len, ERR_UNKNOWN_TYPE, nullptr);
        -:  183:        }
        -:  184:
       69:  185:        if (!TYPE_VALIDATOR_MAP[field->type](field_obj, field->field_name, err_buf, err_len)) {
       14:  186:            return false;
        -:  187:        }
        -:  188:
       55:  189:        if (field->custom_validator && !field->custom_validator(ctx, field_obj, field->field_name, err_buf, err_len)) {
        1:  190:            return false; 
        -:  191:        }
        -:  192:    }
        -:  193:
        6:  194:    if (ctx->global_validator && !ctx->global_validator(ctx, root, nullptr, err_buf, err_len)) {
        2:  195:        return false;
        -:  196:    }
        -:  197:
        4:  198:    return true;
        -:  199:}
        -:  200:
        2:  201:const char* json_get_string(const struct json_object* obj, const char* key) {
        -:  202:    struct json_object* val;
        2:  203:    if (json_object_object_get_ex((struct json_object*)obj, key, &val)) {
        1:  204:        return json_object_get_string(val);
        -:  205:    }
        1:  206:    return nullptr;
        -:  207:}
        -:  208:
        2:  209:int64_t json_get_int(const struct json_object* obj, const char* key) {
        -:  210:    struct json_object* val;
        2:  211:    if (json_object_object_get_ex((struct json_object*)obj, key, &val)) {
        1:  212:        return json_object_get_int64(val);
        -:  213:    }
        1:  214:    return 0;
        -:  215:}
        -:  216:
        2:  217:double json_get_double(const struct json_object* obj, const char* key) {
        -:  218:    struct json_object* val;
        2:  219:    if (json_object_object_get_ex((struct json_object*)obj, key, &val)) {
        1:  220:        return json_object_get_double(val);
        -:  221:    }
        1:  222:    return 0.0;
        -:  223:}
